mode: set
statusbay/config/kubernetes.go:64.64,67.16 3 1
statusbay/config/kubernetes.go:70.2,71.16 2 1
statusbay/config/kubernetes.go:75.2,75.20 1 1
statusbay/config/kubernetes.go:67.16,69.3 1 1
statusbay/config/kubernetes.go:71.16,73.3 1 0
statusbay/config/kubernetes.go:78.80,81.16 3 0
statusbay/config/kubernetes.go:84.2,85.16 2 0
statusbay/config/kubernetes.go:89.2,89.20 1 0
statusbay/config/kubernetes.go:81.16,83.3 1 0
statusbay/config/kubernetes.go:85.16,87.3 1 0
statusbay/config/webserver.go:49.62,52.16 3 1
statusbay/config/webserver.go:55.2,56.16 2 1
statusbay/config/webserver.go:60.2,60.20 1 1
statusbay/config/webserver.go:52.16,54.3 1 1
statusbay/config/webserver.go:56.16,58.3 1 0
statusbay/webserver/alerts/pingdom/client.go:31.38,33.2 1 1
statusbay/webserver/alerts/pingdom/client.go:43.84,49.2 1 1
statusbay/webserver/alerts/pingdom/client.go:52.112,64.16 4 1
statusbay/webserver/alerts/pingdom/client.go:69.2,72.16 3 1
statusbay/webserver/alerts/pingdom/client.go:76.2,78.16 2 1
statusbay/webserver/alerts/pingdom/client.go:83.2,83.52 1 1
statusbay/webserver/alerts/pingdom/client.go:91.2,93.16 2 1
statusbay/webserver/alerts/pingdom/client.go:98.2,102.18 2 1
statusbay/webserver/alerts/pingdom/client.go:64.16,67.3 2 0
statusbay/webserver/alerts/pingdom/client.go:72.16,75.3 2 1
statusbay/webserver/alerts/pingdom/client.go:78.16,81.3 2 0
statusbay/webserver/alerts/pingdom/client.go:83.52,89.3 2 0
statusbay/webserver/alerts/pingdom/client.go:93.16,96.3 2 0
statusbay/webserver/alerts/pingdom/client.go:107.80,111.16 2 1
statusbay/webserver/alerts/pingdom/client.go:114.2,120.20 4 1
statusbay/webserver/alerts/pingdom/client.go:111.16,113.3 1 1
statusbay/webserver/alerts/pingdom/client.go:125.107,129.16 2 1
statusbay/webserver/alerts/pingdom/client.go:133.2,139.21 4 1
statusbay/webserver/alerts/pingdom/client.go:129.16,131.3 1 1
statusbay/webserver/alerts/pingdom/pingdom.go:27.57,32.2 2 1
statusbay/webserver/alerts/pingdom/pingdom.go:35.106,48.16 6 1
statusbay/webserver/alerts/pingdom/pingdom.go:53.2,63.38 7 1
statusbay/webserver/alerts/pingdom/pingdom.go:97.2,98.28 2 1
statusbay/webserver/alerts/pingdom/pingdom.go:48.16,51.3 2 0
statusbay/webserver/alerts/pingdom/pingdom.go:63.38,67.24 3 1
statusbay/webserver/alerts/pingdom/pingdom.go:67.24,70.18 3 1
statusbay/webserver/alerts/pingdom/pingdom.go:77.4,84.50 2 1
statusbay/webserver/alerts/pingdom/pingdom.go:92.4,93.24 2 1
statusbay/webserver/alerts/pingdom/pingdom.go:70.18,71.19 1 0
statusbay/webserver/alerts/pingdom/pingdom.go:71.19,74.6 2 0
statusbay/webserver/alerts/pingdom/pingdom.go:84.50,90.5 1 1
statusbay/webserver/httpparameters/get.go:6.86,8.44 2 1
statusbay/webserver/httpparameters/get.go:11.2,11.21 1 1
statusbay/webserver/httpparameters/get.go:8.44,10.3 1 1
statusbay/webserver/alerts/statuscake/client.go:28.38,30.2 1 1
statusbay/webserver/alerts/statuscake/client.go:47.92,54.2 1 1
statusbay/webserver/alerts/statuscake/client.go:57.112,69.16 4 1
statusbay/webserver/alerts/statuscake/client.go:74.2,78.16 4 1
statusbay/webserver/alerts/statuscake/client.go:82.2,83.16 2 1
statusbay/webserver/alerts/statuscake/client.go:88.2,88.52 1 1
statusbay/webserver/alerts/statuscake/client.go:96.2,99.16 3 1
statusbay/webserver/alerts/statuscake/client.go:103.2,104.65 2 1
statusbay/webserver/alerts/statuscake/client.go:108.2,112.18 2 1
statusbay/webserver/alerts/statuscake/client.go:69.16,72.3 2 0
statusbay/webserver/alerts/statuscake/client.go:78.16,81.3 2 1
statusbay/webserver/alerts/statuscake/client.go:83.16,86.3 2 0
statusbay/webserver/alerts/statuscake/client.go:88.52,94.3 2 0
statusbay/webserver/alerts/statuscake/client.go:99.16,101.3 1 0
statusbay/webserver/alerts/statuscake/client.go:104.65,106.3 1 0
statusbay/webserver/alerts/statuscake/client.go:117.71,121.16 2 1
statusbay/webserver/alerts/statuscake/client.go:124.2,129.19 4 1
statusbay/webserver/alerts/statuscake/client.go:121.16,123.3 1 1
statusbay/webserver/alerts/statuscake/client.go:134.55,138.16 4 0
statusbay/webserver/alerts/statuscake/client.go:141.2,146.19 4 0
statusbay/webserver/alerts/statuscake/client.go:138.16,140.3 1 0
statusbay/webserver/alerts/statuscake/statuscake.go:27.63,33.2 2 1
statusbay/webserver/alerts/statuscake/statuscake.go:36.109,48.16 6 1
statusbay/webserver/alerts/statuscake/statuscake.go:53.2,57.29 4 1
statusbay/webserver/alerts/statuscake/statuscake.go:90.2,91.28 2 1
statusbay/webserver/alerts/statuscake/statuscake.go:48.16,51.3 2 0
statusbay/webserver/alerts/statuscake/statuscake.go:57.29,60.23 3 1
statusbay/webserver/alerts/statuscake/statuscake.go:60.23,63.18 3 1
statusbay/webserver/alerts/statuscake/statuscake.go:68.4,75.38 2 1
statusbay/webserver/alerts/statuscake/statuscake.go:85.4,86.24 2 1
statusbay/webserver/alerts/statuscake/statuscake.go:63.18,66.5 2 0
statusbay/webserver/alerts/statuscake/statuscake.go:75.38,76.69 1 1
statusbay/webserver/alerts/statuscake/statuscake.go:76.69,82.6 1 1
statusbay/webserver/httpresponse/json.go:10.82,17.2 5 1
statusbay/webserver/httpresponse/json.go:20.75,22.2 1 1
statusbay/webserver/httpresponse/json.go:25.90,28.2 2 0
statusbay/webserver/route.go:15.82,17.32 1 1
statusbay/webserver/route.go:21.2,31.17 7 1
statusbay/webserver/route.go:35.2,35.18 1 1
statusbay/webserver/route.go:39.2,39.16 1 1
statusbay/webserver/route.go:43.2,43.51 1 1
statusbay/webserver/route.go:47.2,47.19 1 1
statusbay/webserver/route.go:51.2,52.16 2 1
statusbay/webserver/route.go:56.2,56.54 1 1
statusbay/webserver/route.go:17.32,20.3 2 0
statusbay/webserver/route.go:31.17,33.3 1 1
statusbay/webserver/route.go:35.18,37.3 1 1
statusbay/webserver/route.go:39.16,41.3 1 1
statusbay/webserver/route.go:43.51,45.3 1 1
statusbay/webserver/route.go:47.19,50.3 2 1
statusbay/webserver/route.go:52.16,55.3 2 0
statusbay/webserver/route.go:59.82,70.16 8 1
statusbay/webserver/route.go:74.2,74.20 1 1
statusbay/webserver/route.go:78.2,78.18 1 1
statusbay/webserver/route.go:82.2,82.16 1 1
statusbay/webserver/route.go:86.2,86.19 1 1
statusbay/webserver/route.go:91.2,93.12 2 1
statusbay/webserver/route.go:98.2,100.16 2 1
statusbay/webserver/route.go:105.2,105.53 1 1
statusbay/webserver/route.go:70.16,72.3 1 1
statusbay/webserver/route.go:74.20,76.3 1 1
statusbay/webserver/route.go:78.18,80.3 1 1
statusbay/webserver/route.go:82.16,84.3 1 1
statusbay/webserver/route.go:86.19,89.3 2 1
statusbay/webserver/route.go:93.12,96.3 2 0
statusbay/webserver/route.go:100.16,103.3 2 0
statusbay/webserver/route.go:110.82,112.2 1 0
statusbay/webserver/route.go:115.87,117.2 1 0
statusbay/webserver/server.go:36.216,51.2 3 1
statusbay/webserver/server.go:54.51,59.12 5 1
statusbay/webserver/server.go:69.2,69.12 1 1
statusbay/webserver/server.go:72.2,72.16 1 1
statusbay/webserver/server.go:59.12,63.17 4 1
statusbay/webserver/server.go:66.3,67.18 2 0
statusbay/webserver/server.go:63.17,65.4 1 0
statusbay/webserver/server.go:69.12,71.3 1 1
statusbay/webserver/server.go:72.16,76.3 3 0
statusbay/webserver/server.go:80.39,91.2 5 1
statusbay/webserver/server.go:94.44,96.2 1 1
statusbay/webserver/kubernetes/storage.go:22.53,27.2 1 0
statusbay/webserver/kubernetes/storage.go:29.91,35.102 4 0
statusbay/webserver/kubernetes/storage.go:39.2,39.19 1 0
statusbay/webserver/kubernetes/storage.go:35.102,38.3 2 0
statusbay/webserver/kubernetes/storage.go:43.105,48.55 3 0
statusbay/webserver/kubernetes/storage.go:52.2,52.19 1 0
statusbay/webserver/kubernetes/storage.go:48.55,51.3 2 0
statusbay/webserver/kubernetes/storage.go:56.95,61.148 3 0
statusbay/webserver/kubernetes/storage.go:69.2,69.28 1 0
statusbay/webserver/kubernetes/storage.go:61.148,67.3 2 0
statusbay/webserver/kubernetes/storage.go:73.87,77.36 2 0
statusbay/webserver/kubernetes/storage.go:87.2,87.38 1 0
statusbay/webserver/kubernetes/storage.go:100.2,100.31 1 0
statusbay/webserver/kubernetes/storage.go:104.2,104.27 1 0
statusbay/webserver/kubernetes/storage.go:109.2,109.52 1 0
statusbay/webserver/kubernetes/storage.go:113.2,113.36 1 0
statusbay/webserver/kubernetes/storage.go:124.2,124.21 1 0
statusbay/webserver/kubernetes/storage.go:77.36,78.49 1 0
statusbay/webserver/kubernetes/storage.go:78.49,79.14 1 0
statusbay/webserver/kubernetes/storage.go:83.4,83.76 1 0
statusbay/webserver/kubernetes/storage.go:79.14,81.13 2 0
statusbay/webserver/kubernetes/storage.go:87.38,89.53 1 0
statusbay/webserver/kubernetes/storage.go:89.53,90.14 1 0
statusbay/webserver/kubernetes/storage.go:94.4,94.80 1 0
statusbay/webserver/kubernetes/storage.go:90.14,92.13 2 0
statusbay/webserver/kubernetes/storage.go:100.31,102.3 1 0
statusbay/webserver/kubernetes/storage.go:104.27,106.3 1 0
statusbay/webserver/kubernetes/storage.go:109.52,111.3 1 0
statusbay/webserver/kubernetes/storage.go:113.36,115.48 1 0
statusbay/webserver/kubernetes/storage.go:115.48,116.14 1 0
statusbay/webserver/kubernetes/storage.go:120.4,120.74 1 0
statusbay/webserver/kubernetes/storage.go:116.14,118.13 2 0
statusbay/webserver/kubernetes/filter.go:25.62,50.2 11 1
statusbay/webserver/kubernetes/markevent.go:8.124,10.55 1 1
statusbay/webserver/kubernetes/markevent.go:10.55,12.52 1 1
statusbay/webserver/kubernetes/markevent.go:17.3,17.45 1 1
statusbay/webserver/kubernetes/markevent.go:24.3,24.40 1 1
statusbay/webserver/kubernetes/markevent.go:12.52,15.4 2 1
statusbay/webserver/kubernetes/markevent.go:17.45,18.36 1 1
statusbay/webserver/kubernetes/markevent.go:18.36,21.5 2 1
statusbay/webserver/kubernetes/markevent.go:24.40,25.37 1 1
statusbay/webserver/kubernetes/markevent.go:25.37,28.5 2 1
statusbay/webserver/kubernetes/routes.go:22.106,25.16 2 1
statusbay/webserver/kubernetes/routes.go:29.2,35.25 3 1
statusbay/webserver/kubernetes/routes.go:25.16,27.3 1 1
statusbay/webserver/kubernetes/routes.go:38.52,41.2 2 1
statusbay/webserver/kubernetes/routes.go:43.97,58.16 9 1
statusbay/webserver/kubernetes/routes.go:62.2,63.16 2 1
statusbay/webserver/kubernetes/routes.go:67.2,69.28 2 1
statusbay/webserver/kubernetes/routes.go:82.2,87.48 2 1
statusbay/webserver/kubernetes/routes.go:58.16,60.3 1 0
statusbay/webserver/kubernetes/routes.go:63.16,65.3 1 0
statusbay/webserver/kubernetes/routes.go:69.28,80.3 1 1
statusbay/webserver/kubernetes/routes.go:90.98,96.16 4 0
statusbay/webserver/kubernetes/routes.go:101.2,102.16 2 0
statusbay/webserver/kubernetes/routes.go:107.2,110.16 3 0
statusbay/webserver/kubernetes/routes.go:115.2,125.55 3 0
statusbay/webserver/kubernetes/routes.go:96.16,99.3 2 0
statusbay/webserver/kubernetes/routes.go:102.16,105.3 1 0
statusbay/webserver/kubernetes/routes.go:110.16,113.3 2 0
statusbay/serverutil/server.go:22.40,26.33 3 1
statusbay/serverutil/server.go:32.2,34.10 3 1
statusbay/serverutil/server.go:26.33,27.20 1 1
statusbay/serverutil/server.go:30.3,30.31 1 1
statusbay/serverutil/server.go:27.20,28.12 1 0
statusbay/serverutil/server.go:38.29,39.56 1 0
statusbay/serverutil/server.go:39.56,40.49 1 0
statusbay/serverutil/server.go:43.3,43.22 1 0
statusbay/serverutil/server.go:40.49,41.12 1 0
statusbay/visibility/conf.go:4.42,9.2 2 1
statusbay/visibility/logging.go:12.31,14.19 2 1
statusbay/visibility/logging.go:14.19,22.3 6 0
statusbay/visibility/logging.go:26.36,29.15 3 1
statusbay/visibility/logging.go:30.15,31.31 1 1
statusbay/visibility/logging.go:32.14,33.30 1 1
statusbay/visibility/logging.go:34.25,35.30 1 1
statusbay/visibility/logging.go:36.15,37.31 1 1
statusbay/visibility/logging.go:38.15,39.31 1 1
statusbay/visibility/logging.go:40.15,41.31 1 1
statusbay/visibility/logging.go:42.10,43.84 1 1
statusbay/request/http.go:22.36,24.2 1 0
statusbay/request/http.go:32.34,36.2 1 1
statusbay/request/http.go:39.109,41.14 1 1
statusbay/request/http.go:45.2,51.16 3 1
statusbay/request/http.go:55.2,55.15 1 1
statusbay/request/http.go:41.14,43.3 1 0
statusbay/request/http.go:51.16,53.3 1 0
statusbay/request/http.go:59.65,61.2 1 1
statusbay/webserver/metrics/datadog/datadog.go:39.133,41.19 1 1
statusbay/webserver/metrics/datadog/datadog.go:45.2,52.3 1 1
statusbay/webserver/metrics/datadog/datadog.go:41.19,44.3 2 0
statusbay/webserver/metrics/datadog/datadog.go:57.48,60.12 3 1
statusbay/webserver/metrics/datadog/datadog.go:72.2,72.16 1 1
statusbay/webserver/metrics/datadog/datadog.go:60.12,61.7 1 1
statusbay/webserver/metrics/datadog/datadog.go:61.7,62.11 1 1
statusbay/webserver/metrics/datadog/datadog.go:63.47,64.28 1 1
statusbay/webserver/metrics/datadog/datadog.go:65.22,68.11 3 0
statusbay/webserver/metrics/datadog/datadog.go:72.16,75.3 2 0
statusbay/webserver/metrics/datadog/datadog.go:81.101,84.51 2 1
statusbay/webserver/metrics/datadog/datadog.go:89.2,97.16 3 1
statusbay/webserver/metrics/datadog/datadog.go:106.2,107.33 2 1
statusbay/webserver/metrics/datadog/datadog.go:119.2,121.22 2 1
statusbay/webserver/metrics/datadog/datadog.go:84.51,87.3 2 0
statusbay/webserver/metrics/datadog/datadog.go:97.16,104.3 2 0
statusbay/webserver/metrics/datadog/datadog.go:107.33,111.39 4 1
statusbay/webserver/metrics/datadog/datadog.go:114.3,116.42 2 1
statusbay/webserver/metrics/datadog/datadog.go:111.39,113.4 1 1
statusbay/webserver/metrics/datadog/datadog.go:125.80,131.2 4 1
statusbay/webserver/metrics/datadog/datadog.go:134.41,141.33 5 1
statusbay/webserver/metrics/datadog/datadog.go:149.2,149.26 1 1
statusbay/webserver/metrics/datadog/datadog.go:141.33,142.27 1 1
statusbay/webserver/metrics/datadog/datadog.go:142.27,145.12 3 1
statusbay/watcher/kubernetes/events.go:34.80,38.2 1 1
statusbay/watcher/kubernetes/events.go:41.54,45.12 3 0
statusbay/watcher/kubernetes/events.go:56.2,56.16 1 0
statusbay/watcher/kubernetes/events.go:45.12,46.7 1 0
statusbay/watcher/kubernetes/events.go:46.7,47.11 1 0
statusbay/watcher/kubernetes/events.go:48.22,51.11 3 0
statusbay/watcher/kubernetes/events.go:56.16,59.3 2 0
statusbay/watcher/kubernetes/events.go:63.76,72.12 3 1
statusbay/watcher/kubernetes/events.go:130.2,130.18 1 1
statusbay/watcher/kubernetes/events.go:72.12,74.17 2 1
statusbay/watcher/kubernetes/events.go:81.3,81.7 1 1
statusbay/watcher/kubernetes/events.go:74.17,80.4 2 0
statusbay/watcher/kubernetes/events.go:81.7,82.11 1 1
statusbay/watcher/kubernetes/events.go:83.48,84.15 1 1
statusbay/watcher/kubernetes/events.go:92.5,93.12 2 1
statusbay/watcher/kubernetes/events.go:101.5,103.18 2 1
statusbay/watcher/kubernetes/events.go:121.32,126.11 3 0
statusbay/watcher/kubernetes/events.go:84.15,90.6 2 0
statusbay/watcher/kubernetes/events.go:93.12,99.14 2 0
statusbay/watcher/kubernetes/events.go:103.18,111.6 1 1
statusbay/watcher/kubernetes/events.go:111.11,119.6 1 1
statusbay/watcher/kubernetes/pods.go:25.105,32.2 1 1
statusbay/watcher/kubernetes/pods.go:35.52,39.12 3 1
statusbay/watcher/kubernetes/pods.go:52.2,52.16 1 1
statusbay/watcher/kubernetes/pods.go:39.12,40.7 1 1
statusbay/watcher/kubernetes/pods.go:40.7,41.11 1 1
statusbay/watcher/kubernetes/pods.go:42.28,43.19 1 1
statusbay/watcher/kubernetes/pods.go:44.22,47.11 3 0
statusbay/watcher/kubernetes/pods.go:52.16,55.3 2 0
statusbay/watcher/kubernetes/pods.go:59.51,60.12 1 1
statusbay/watcher/kubernetes/pods.go:60.12,72.17 4 1
statusbay/watcher/kubernetes/pods.go:77.3,79.7 2 1
statusbay/watcher/kubernetes/pods.go:72.17,75.4 2 0
statusbay/watcher/kubernetes/pods.go:79.7,80.11 1 1
statusbay/watcher/kubernetes/pods.go:81.48,82.15 1 1
statusbay/watcher/kubernetes/pods.go:91.5,92.12 2 1
statusbay/watcher/kubernetes/pods.go:98.5,98.52 1 1
statusbay/watcher/kubernetes/pods.go:111.5,112.60 2 1
statusbay/watcher/kubernetes/pods.go:147.5,147.42 1 1
statusbay/watcher/kubernetes/pods.go:150.5,150.50 1 1
statusbay/watcher/kubernetes/pods.go:152.32,158.11 3 0
statusbay/watcher/kubernetes/pods.go:82.15,89.6 2 0
statusbay/watcher/kubernetes/pods.go:92.12,94.14 2 0
statusbay/watcher/kubernetes/pods.go:98.52,109.6 4 1
statusbay/watcher/kubernetes/pods.go:112.60,114.40 1 1
statusbay/watcher/kubernetes/pods.go:129.6,129.43 1 1
statusbay/watcher/kubernetes/pods.go:114.40,117.48 2 1
statusbay/watcher/kubernetes/pods.go:121.7,126.46 3 1
statusbay/watcher/kubernetes/pods.go:117.48,119.8 1 1
statusbay/watcher/kubernetes/pods.go:129.43,133.51 2 1
statusbay/watcher/kubernetes/pods.go:137.7,143.49 3 1
statusbay/watcher/kubernetes/pods.go:133.51,135.8 1 1
statusbay/watcher/kubernetes/pods.go:147.42,149.6 1 1
statusbay/watcher/kubernetes/pods.go:166.143,180.12 4 1
statusbay/watcher/kubernetes/pods.go:180.12,182.7 1 1
statusbay/watcher/kubernetes/pods.go:182.7,183.11 1 1
statusbay/watcher/kubernetes/pods.go:184.30,185.49 1 1
statusbay/watcher/kubernetes/pods.go:186.22,192.11 2 0
statusbay/watcher/kubernetes/registry.go:60.98,62.2 1 1
statusbay/watcher/kubernetes/registry.go:64.78,66.2 1 0
statusbay/watcher/kubernetes/registry.go:69.239,83.2 1 1
statusbay/watcher/kubernetes/registry.go:86.56,90.12 3 1
statusbay/watcher/kubernetes/registry.go:103.2,103.16 1 1
statusbay/watcher/kubernetes/registry.go:90.12,91.7 1 1
statusbay/watcher/kubernetes/registry.go:91.7,92.11 1 1
statusbay/watcher/kubernetes/registry.go:93.39,94.14 1 1
statusbay/watcher/kubernetes/registry.go:95.22,98.11 3 0
statusbay/watcher/kubernetes/registry.go:103.16,106.3 2 0
statusbay/watcher/kubernetes/registry.go:110.64,116.34 4 1
statusbay/watcher/kubernetes/registry.go:136.2,136.13 1 1
statusbay/watcher/kubernetes/registry.go:116.34,134.3 6 0
statusbay/watcher/kubernetes/registry.go:147.40,180.16 10 1
statusbay/watcher/kubernetes/registry.go:201.2,210.13 3 1
statusbay/watcher/kubernetes/registry.go:181.31,188.4 1 1
statusbay/watcher/kubernetes/registry.go:189.31,196.4 1 0
statusbay/watcher/kubernetes/registry.go:197.10,198.72 1 0
statusbay/watcher/kubernetes/registry.go:215.69,218.53 2 1
statusbay/watcher/kubernetes/registry.go:221.2,221.12 1 1
statusbay/watcher/kubernetes/registry.go:218.53,220.3 1 1
statusbay/watcher/kubernetes/registry.go:226.150,248.2 4 1
statusbay/watcher/kubernetes/registry.go:251.148,272.2 4 1
statusbay/watcher/kubernetes/registry.go:275.41,278.2 1 1
statusbay/watcher/kubernetes/registry.go:281.60,284.50 3 1
statusbay/watcher/kubernetes/registry.go:288.2,291.64 4 1
statusbay/watcher/kubernetes/registry.go:311.2,320.130 3 1
statusbay/watcher/kubernetes/registry.go:333.2,333.24 1 1
statusbay/watcher/kubernetes/registry.go:284.50,287.3 2 1
statusbay/watcher/kubernetes/registry.go:291.64,293.49 2 1
statusbay/watcher/kubernetes/registry.go:299.3,299.55 1 1
statusbay/watcher/kubernetes/registry.go:293.49,294.35 1 1
statusbay/watcher/kubernetes/registry.go:297.4,297.74 1 1
statusbay/watcher/kubernetes/registry.go:294.35,296.5 1 1
statusbay/watcher/kubernetes/registry.go:299.55,308.4 2 1
statusbay/watcher/kubernetes/registry.go:320.130,332.3 3 1
statusbay/watcher/kubernetes/registry.go:337.59,339.49 2 1
statusbay/watcher/kubernetes/registry.go:343.2,347.62 5 1
statusbay/watcher/kubernetes/registry.go:363.2,370.130 2 1
statusbay/watcher/kubernetes/registry.go:382.2,382.24 1 0
statusbay/watcher/kubernetes/registry.go:339.49,342.3 2 1
statusbay/watcher/kubernetes/registry.go:347.62,352.54 4 1
statusbay/watcher/kubernetes/registry.go:352.54,361.4 2 0
statusbay/watcher/kubernetes/registry.go:370.130,381.3 3 1
statusbay/watcher/kubernetes/registry.go:386.66,397.43 3 1
statusbay/watcher/kubernetes/registry.go:402.2,402.6 1 1
statusbay/watcher/kubernetes/registry.go:397.43,401.3 3 0
statusbay/watcher/kubernetes/registry.go:402.6,403.10 1 1
statusbay/watcher/kubernetes/registry.go:404.38,405.18 1 1
statusbay/watcher/kubernetes/registry.go:408.4,410.37 3 1
statusbay/watcher/kubernetes/registry.go:424.25,429.10 2 1
statusbay/watcher/kubernetes/registry.go:405.18,407.5 1 0
statusbay/watcher/kubernetes/registry.go:410.37,420.5 4 1
statusbay/watcher/kubernetes/registry.go:420.10,420.44 1 1
statusbay/watcher/kubernetes/registry.go:420.44,423.5 2 1
statusbay/watcher/kubernetes/registry.go:436.92,446.2 5 1
statusbay/watcher/kubernetes/registry.go:449.82,451.2 1 1
statusbay/watcher/kubernetes/registry.go:454.71,456.2 1 1
statusbay/watcher/kubernetes/registry.go:459.55,460.45 1 1
statusbay/watcher/kubernetes/registry.go:460.45,465.3 1 1
statusbay/watcher/kubernetes/registry.go:469.90,470.45 1 1
statusbay/watcher/kubernetes/registry.go:473.2,475.12 2 1
statusbay/watcher/kubernetes/registry.go:470.45,472.3 1 1
statusbay/watcher/kubernetes/registry.go:479.101,480.45 1 1
statusbay/watcher/kubernetes/registry.go:483.2,484.12 2 1
statusbay/watcher/kubernetes/registry.go:480.45,482.3 1 1
statusbay/watcher/kubernetes/registry.go:487.68,488.44 1 1
statusbay/watcher/kubernetes/registry.go:492.2,497.12 3 1
statusbay/watcher/kubernetes/registry.go:488.44,491.3 2 1
statusbay/watcher/kubernetes/registry.go:501.53,503.2 1 1
statusbay/watcher/kubernetes/registry.go:506.95,507.39 1 1
statusbay/watcher/kubernetes/registry.go:512.2,512.50 1 1
statusbay/watcher/kubernetes/registry.go:517.2,518.12 2 1
statusbay/watcher/kubernetes/registry.go:507.39,510.3 2 0
statusbay/watcher/kubernetes/registry.go:512.50,513.73 1 1
statusbay/watcher/kubernetes/registry.go:513.73,515.4 1 1
statusbay/watcher/kubernetes/registry.go:522.86,525.2 1 1
statusbay/watcher/kubernetes/registry.go:528.44,530.2 1 1
statusbay/watcher/kubernetes/registry.go:533.86,534.45 1 1
statusbay/watcher/kubernetes/registry.go:538.2,539.12 2 1
statusbay/watcher/kubernetes/registry.go:534.45,537.3 2 0
statusbay/watcher/kubernetes/registry.go:543.71,546.2 1 1
statusbay/watcher/kubernetes/registry.go:549.76,551.2 1 0
statusbay/watcher/kubernetes/registry.go:554.70,556.2 1 0
statusbay/watcher/kubernetes/registry.go:559.86,561.2 1 0
statusbay/watcher/kubernetes/registry.go:564.71,566.2 1 0
statusbay/watcher/kubernetes/registry.go:569.53,571.2 1 0
statusbay/watcher/kubernetes/registry.go:574.44,576.2 1 1
statusbay/watcher/kubernetes/registry.go:579.35,587.41 6 1
statusbay/watcher/kubernetes/registry.go:625.2,627.33 2 1
statusbay/watcher/kubernetes/registry.go:587.41,588.64 1 1
statusbay/watcher/kubernetes/registry.go:588.64,590.20 2 1
statusbay/watcher/kubernetes/registry.go:602.4,606.19 2 1
statusbay/watcher/kubernetes/registry.go:590.20,593.19 2 1
statusbay/watcher/kubernetes/registry.go:597.5,597.17 1 1
statusbay/watcher/kubernetes/registry.go:593.19,596.6 2 0
statusbay/watcher/kubernetes/registry.go:598.10,600.5 1 1
statusbay/watcher/kubernetes/registry.go:606.19,608.47 1 1
statusbay/watcher/kubernetes/registry.go:618.5,618.43 1 1
statusbay/watcher/kubernetes/registry.go:608.47,616.6 1 1
statusbay/watcher/kubernetes/registry.go:627.33,629.3 1 1
statusbay/watcher/kubernetes/registry.go:634.48,636.2 1 1
statusbay/watcher/kubernetes/reporter.go:54.112,64.2 1 1
statusbay/watcher/kubernetes/reporter.go:67.56,71.12 3 1
statusbay/watcher/kubernetes/reporter.go:88.2,88.16 1 1
statusbay/watcher/kubernetes/reporter.go:71.12,72.7 1 1
statusbay/watcher/kubernetes/reporter.go:72.7,73.11 1 1
statusbay/watcher/kubernetes/reporter.go:74.43,75.34 1 1
statusbay/watcher/kubernetes/reporter.go:76.43,77.34 1 0
statusbay/watcher/kubernetes/reporter.go:78.44,79.33 1 1
statusbay/watcher/kubernetes/reporter.go:80.22,83.11 3 0
statusbay/watcher/kubernetes/reporter.go:88.16,91.3 2 0
statusbay/watcher/kubernetes/reporter.go:95.74,100.16 3 1
statusbay/watcher/kubernetes/reporter.go:106.2,106.31 1 1
statusbay/watcher/kubernetes/reporter.go:100.16,102.3 1 1
statusbay/watcher/kubernetes/reporter.go:102.8,104.3 1 1
statusbay/watcher/kubernetes/reporter.go:106.31,107.15 1 1
statusbay/watcher/kubernetes/reporter.go:110.3,111.17 2 1
statusbay/watcher/kubernetes/reporter.go:107.15,108.12 1 0
statusbay/watcher/kubernetes/reporter.go:111.17,127.4 2 1
statusbay/watcher/kubernetes/reporter.go:127.9,131.4 1 1
statusbay/watcher/kubernetes/reporter.go:138.74,143.16 3 0
statusbay/watcher/kubernetes/reporter.go:149.2,149.31 1 0
statusbay/watcher/kubernetes/reporter.go:143.16,145.3 1 0
statusbay/watcher/kubernetes/reporter.go:145.8,147.3 1 0
statusbay/watcher/kubernetes/reporter.go:149.31,150.15 1 0
statusbay/watcher/kubernetes/reporter.go:153.3,154.17 2 0
statusbay/watcher/kubernetes/reporter.go:150.15,151.12 1 0
statusbay/watcher/kubernetes/reporter.go:154.17,169.4 2 0
statusbay/watcher/kubernetes/reporter.go:169.9,173.4 1 0
statusbay/watcher/kubernetes/reporter.go:180.73,185.16 3 1
statusbay/watcher/kubernetes/reporter.go:191.2,191.31 1 1
statusbay/watcher/kubernetes/reporter.go:185.16,187.3 1 1
statusbay/watcher/kubernetes/reporter.go:187.8,189.3 1 1
statusbay/watcher/kubernetes/reporter.go:191.31,192.15 1 1
statusbay/watcher/kubernetes/reporter.go:195.3,196.17 2 1
statusbay/watcher/kubernetes/reporter.go:192.15,193.12 1 0
statusbay/watcher/kubernetes/reporter.go:196.17,199.38 2 1
statusbay/watcher/kubernetes/reporter.go:207.4,220.40 2 1
statusbay/watcher/kubernetes/reporter.go:199.38,201.5 1 1
statusbay/watcher/kubernetes/reporter.go:201.10,201.44 1 1
statusbay/watcher/kubernetes/reporter.go:201.44,203.5 1 0
statusbay/watcher/kubernetes/reporter.go:203.10,203.41 1 1
statusbay/watcher/kubernetes/reporter.go:203.41,205.5 1 1
statusbay/watcher/kubernetes/reporter.go:222.9,226.4 1 1
statusbay/watcher/kubernetes/reporter.go:232.83,234.2 1 0
statusbay/watcher/kubernetes/reporter.go:237.41,240.33 3 1
statusbay/watcher/kubernetes/reporter.go:246.2,246.13 1 1
statusbay/watcher/kubernetes/reporter.go:240.33,241.38 1 1
statusbay/watcher/kubernetes/reporter.go:241.38,244.4 2 1
statusbay/watcher/kubernetes/storage.go:26.53,31.2 1 0
statusbay/watcher/kubernetes/storage.go:34.95,41.16 3 0
statusbay/watcher/kubernetes/storage.go:45.2,55.58 2 0
statusbay/watcher/kubernetes/storage.go:63.2,63.22 1 0
statusbay/watcher/kubernetes/storage.go:41.16,43.3 1 0
statusbay/watcher/kubernetes/storage.go:55.58,61.3 2 0
statusbay/watcher/kubernetes/storage.go:68.104,76.16 3 0
statusbay/watcher/kubernetes/storage.go:80.2,84.23 1 0
statusbay/watcher/kubernetes/storage.go:91.2,91.18 1 0
statusbay/watcher/kubernetes/storage.go:76.16,78.3 1 0
statusbay/watcher/kubernetes/storage.go:84.23,89.3 2 0
statusbay/watcher/kubernetes/storage.go:96.96,101.126 3 0
statusbay/watcher/kubernetes/storage.go:108.2,108.35 1 0
statusbay/watcher/kubernetes/storage.go:119.2,119.23 1 0
statusbay/watcher/kubernetes/storage.go:101.126,106.3 2 0
statusbay/watcher/kubernetes/storage.go:108.35,111.17 3 0
statusbay/watcher/kubernetes/storage.go:115.3,115.43 1 0
statusbay/watcher/kubernetes/storage.go:111.17,113.12 2 0
statusbay/watcher/kubernetes/storage.go:123.89,127.90 2 0
statusbay/watcher/kubernetes/storage.go:148.2,153.13 3 0
statusbay/watcher/kubernetes/storage.go:127.90,128.38 1 0
statusbay/watcher/kubernetes/storage.go:139.3,139.15 1 0
statusbay/watcher/kubernetes/storage.go:128.38,138.4 3 0
statusbay/watcher/kubernetes/storage.go:140.8,140.29 1 0
statusbay/watcher/kubernetes/storage.go:140.29,146.3 2 0
statusbay/watcher/kubernetes/storage.go:157.69,163.2 2 0
statusbay/watcher/kubernetes/service.go:22.82,28.2 1 1
statusbay/watcher/kubernetes/service.go:31.55,35.12 3 1
statusbay/watcher/kubernetes/service.go:48.2,48.16 1 1
statusbay/watcher/kubernetes/service.go:35.12,36.7 1 1
statusbay/watcher/kubernetes/service.go:36.7,37.11 1 1
statusbay/watcher/kubernetes/service.go:38.28,39.19 1 1
statusbay/watcher/kubernetes/service.go:40.22,43.11 3 0
statusbay/watcher/kubernetes/service.go:48.16,51.3 2 0
statusbay/watcher/kubernetes/service.go:55.54,57.12 1 1
statusbay/watcher/kubernetes/service.go:57.12,69.17 4 1
statusbay/watcher/kubernetes/service.go:74.3,74.31 1 1
statusbay/watcher/kubernetes/service.go:69.17,72.4 2 0
statusbay/watcher/kubernetes/service.go:74.31,77.4 2 1
statusbay/watcher/kubernetes/controllerrevision.go:23.40,29.2 1 0
statusbay/watcher/kubernetes/controllerrevision.go:45.116,50.2 1 1
statusbay/watcher/kubernetes/controllerrevision.go:53.231,55.20 2 0
statusbay/watcher/kubernetes/controllerrevision.go:58.2,64.21 7 0
statusbay/watcher/kubernetes/controllerrevision.go:74.2,74.16 1 0
statusbay/watcher/kubernetes/controllerrevision.go:55.20,57.3 1 0
statusbay/watcher/kubernetes/controllerrevision.go:64.21,65.131 1 0
statusbay/watcher/kubernetes/controllerrevision.go:71.3,72.8 2 0
statusbay/watcher/kubernetes/controllerrevision.go:65.131,69.12 2 0
statusbay/watcher/kubernetes/controllerrevision.go:74.16,79.3 2 0
statusbay/watcher/kubernetes/controllerrevision.go:86.208,91.16 2 0
statusbay/watcher/kubernetes/controllerrevision.go:101.2,101.43 1 0
statusbay/watcher/kubernetes/controllerrevision.go:131.2,136.100 2 0
statusbay/watcher/kubernetes/controllerrevision.go:91.16,99.3 2 0
statusbay/watcher/kubernetes/controllerrevision.go:101.43,102.46 1 0
statusbay/watcher/kubernetes/controllerrevision.go:102.46,104.17 2 0
statusbay/watcher/kubernetes/controllerrevision.go:112.4,128.14 4 0
statusbay/watcher/kubernetes/controllerrevision.go:104.17,111.5 2 0
statusbay/watcher/kubernetes/daemonset.go:42.276,52.2 1 1
statusbay/watcher/kubernetes/daemonset.go:54.58,57.12 3 1
statusbay/watcher/kubernetes/daemonset.go:68.2,69.52 2 1
statusbay/watcher/kubernetes/daemonset.go:84.2,85.16 2 1
statusbay/watcher/kubernetes/daemonset.go:57.12,58.7 1 1
statusbay/watcher/kubernetes/daemonset.go:58.7,59.11 1 1
statusbay/watcher/kubernetes/daemonset.go:60.22,63.11 3 0
statusbay/watcher/kubernetes/daemonset.go:69.52,70.75 1 0
statusbay/watcher/kubernetes/daemonset.go:70.75,82.4 2 0
statusbay/watcher/kubernetes/daemonset.go:85.16,88.3 2 0
statusbay/watcher/kubernetes/daemonset.go:92.67,96.16 4 1
statusbay/watcher/kubernetes/daemonset.go:102.2,102.12 1 1
statusbay/watcher/kubernetes/daemonset.go:96.16,101.3 2 0
statusbay/watcher/kubernetes/daemonset.go:102.12,104.7 2 1
statusbay/watcher/kubernetes/daemonset.go:104.7,105.11 1 1
statusbay/watcher/kubernetes/daemonset.go:106.48,107.15 1 1
statusbay/watcher/kubernetes/daemonset.go:114.5,115.12 2 1
statusbay/watcher/kubernetes/daemonset.go:119.5,121.30 3 1
statusbay/watcher/kubernetes/daemonset.go:125.5,127.19 3 1
statusbay/watcher/kubernetes/daemonset.go:130.5,132.39 1 1
statusbay/watcher/kubernetes/daemonset.go:185.22,188.11 3 0
statusbay/watcher/kubernetes/daemonset.go:107.15,113.6 3 0
statusbay/watcher/kubernetes/daemonset.go:115.12,117.14 2 0
statusbay/watcher/kubernetes/daemonset.go:121.30,123.6 1 1
statusbay/watcher/kubernetes/daemonset.go:127.19,129.6 1 1
statusbay/watcher/kubernetes/daemonset.go:132.39,134.42 1 1
statusbay/watcher/kubernetes/daemonset.go:145.6,146.28 2 1
statusbay/watcher/kubernetes/daemonset.go:159.6,169.50 4 1
statusbay/watcher/kubernetes/daemonset.go:172.6,178.20 1 1
statusbay/watcher/kubernetes/daemonset.go:134.42,136.7 1 0
statusbay/watcher/kubernetes/daemonset.go:136.12,141.14 2 1
statusbay/watcher/kubernetes/daemonset.go:141.14,142.16 1 0
statusbay/watcher/kubernetes/daemonset.go:146.28,148.43 2 1
statusbay/watcher/kubernetes/daemonset.go:151.7,156.24 1 1
statusbay/watcher/kubernetes/daemonset.go:148.43,150.8 1 0
statusbay/watcher/kubernetes/daemonset.go:169.50,171.7 1 0
statusbay/watcher/kubernetes/daemonset.go:179.11,184.6 1 0
statusbay/watcher/kubernetes/daemonset.go:195.195,207.16 4 1
statusbay/watcher/kubernetes/daemonset.go:214.2,215.6 2 1
statusbay/watcher/kubernetes/daemonset.go:207.16,213.3 2 0
statusbay/watcher/kubernetes/daemonset.go:215.6,216.10 1 1
statusbay/watcher/kubernetes/daemonset.go:217.47,218.14 1 0
statusbay/watcher/kubernetes/daemonset.go:226.4,227.13 2 0
statusbay/watcher/kubernetes/daemonset.go:234.4,234.17 1 0
statusbay/watcher/kubernetes/daemonset.go:253.4,253.53 1 0
statusbay/watcher/kubernetes/daemonset.go:254.21,260.10 3 1
statusbay/watcher/kubernetes/daemonset.go:218.14,225.5 3 0
statusbay/watcher/kubernetes/daemonset.go:227.13,232.13 2 0
statusbay/watcher/kubernetes/daemonset.go:234.17,252.5 5 0
statusbay/watcher/kubernetes/daemonset.go:266.138,270.2 3 0
statusbay/watcher/kubernetes/daemonset.go:273.143,284.12 4 0
statusbay/watcher/kubernetes/daemonset.go:284.12,285.7 1 0
statusbay/watcher/kubernetes/daemonset.go:285.7,286.11 1 0
statusbay/watcher/kubernetes/daemonset.go:287.30,288.47 1 0
statusbay/watcher/kubernetes/daemonset.go:289.22,294.11 2 0
statusbay/watcher/kubernetes/deployment.go:76.247,85.2 1 1
statusbay/watcher/kubernetes/deployment.go:88.58,92.12 3 1
statusbay/watcher/kubernetes/deployment.go:104.2,105.59 2 1
statusbay/watcher/kubernetes/deployment.go:112.2,113.16 2 1
statusbay/watcher/kubernetes/deployment.go:92.12,93.7 1 1
statusbay/watcher/kubernetes/deployment.go:93.7,94.11 1 1
statusbay/watcher/kubernetes/deployment.go:95.22,98.11 3 0
statusbay/watcher/kubernetes/deployment.go:105.59,106.77 1 0
statusbay/watcher/kubernetes/deployment.go:106.77,109.4 2 0
statusbay/watcher/kubernetes/deployment.go:113.16,116.3 2 0
statusbay/watcher/kubernetes/deployment.go:120.68,126.16 4 1
statusbay/watcher/kubernetes/deployment.go:133.2,133.12 1 1
statusbay/watcher/kubernetes/deployment.go:126.16,131.3 2 0
statusbay/watcher/kubernetes/deployment.go:133.12,135.7 2 1
statusbay/watcher/kubernetes/deployment.go:135.7,136.11 1 1
statusbay/watcher/kubernetes/deployment.go:137.48,139.15 1 1
statusbay/watcher/kubernetes/deployment.go:147.5,148.12 2 1
statusbay/watcher/kubernetes/deployment.go:152.5,154.30 3 1
statusbay/watcher/kubernetes/deployment.go:157.5,157.112 1 1
statusbay/watcher/kubernetes/deployment.go:211.22,214.11 3 0
statusbay/watcher/kubernetes/deployment.go:139.15,145.6 3 0
statusbay/watcher/kubernetes/deployment.go:148.12,150.14 2 0
statusbay/watcher/kubernetes/deployment.go:154.30,156.6 1 1
statusbay/watcher/kubernetes/deployment.go:157.112,159.42 1 1
statusbay/watcher/kubernetes/deployment.go:168.6,169.36 2 1
statusbay/watcher/kubernetes/deployment.go:184.6,193.80 4 1
statusbay/watcher/kubernetes/deployment.go:197.6,202.20 1 1
statusbay/watcher/kubernetes/deployment.go:159.42,161.7 1 0
statusbay/watcher/kubernetes/deployment.go:161.12,163.113 2 1
statusbay/watcher/kubernetes/deployment.go:163.113,164.16 1 1
statusbay/watcher/kubernetes/deployment.go:169.36,172.43 2 1
statusbay/watcher/kubernetes/deployment.go:176.7,181.25 1 1
statusbay/watcher/kubernetes/deployment.go:172.43,174.8 1 0
statusbay/watcher/kubernetes/deployment.go:193.80,195.7 1 0
statusbay/watcher/kubernetes/deployment.go:204.11,209.6 1 0
statusbay/watcher/kubernetes/deployment.go:225.202,239.16 4 1
statusbay/watcher/kubernetes/deployment.go:247.2,249.6 2 1
statusbay/watcher/kubernetes/deployment.go:239.16,245.3 2 0
statusbay/watcher/kubernetes/deployment.go:249.6,250.10 1 1
statusbay/watcher/kubernetes/deployment.go:251.47,252.14 1 1
statusbay/watcher/kubernetes/deployment.go:261.4,262.11 2 1
statusbay/watcher/kubernetes/deployment.go:270.4,270.17 1 1
statusbay/watcher/kubernetes/deployment.go:299.4,299.64 1 1
statusbay/watcher/kubernetes/deployment.go:301.21,307.10 3 0
statusbay/watcher/kubernetes/deployment.go:252.14,259.5 3 0
statusbay/watcher/kubernetes/deployment.go:262.11,267.13 2 0
statusbay/watcher/kubernetes/deployment.go:270.17,297.5 5 1
statusbay/watcher/kubernetes/deployment.go:315.149,328.12 4 1
statusbay/watcher/kubernetes/deployment.go:328.12,330.7 1 1
statusbay/watcher/kubernetes/deployment.go:330.7,331.11 1 1
statusbay/watcher/kubernetes/deployment.go:332.30,333.53 1 1
statusbay/watcher/kubernetes/deployment.go:334.22,339.11 2 0
statusbay/watcher/kubernetes/metadata.go:13.81,16.38 2 1
statusbay/watcher/kubernetes/metadata.go:21.2,21.15 1 1
statusbay/watcher/kubernetes/metadata.go:16.38,17.37 1 1
statusbay/watcher/kubernetes/metadata.go:17.37,19.4 1 1
statusbay/watcher/kubernetes/metadata.go:26.99,29.15 2 0
statusbay/watcher/kubernetes/metadata.go:32.2,32.12 1 0
statusbay/watcher/kubernetes/metadata.go:29.15,31.3 1 0
statusbay/watcher/kubernetes/metadata.go:36.71,38.38 1 1
statusbay/watcher/kubernetes/metadata.go:44.2,45.14 2 1
statusbay/watcher/kubernetes/metadata.go:38.38,39.20 1 1
statusbay/watcher/kubernetes/metadata.go:39.20,41.4 1 1
statusbay/watcher/kubernetes/replicaset.go:36.143,43.2 1 1
statusbay/watcher/kubernetes/replicaset.go:46.58,50.12 3 1
statusbay/watcher/kubernetes/replicaset.go:63.2,63.16 1 1
statusbay/watcher/kubernetes/replicaset.go:50.12,51.7 1 1
statusbay/watcher/kubernetes/replicaset.go:51.7,52.11 1 1
statusbay/watcher/kubernetes/replicaset.go:53.35,54.26 1 1
statusbay/watcher/kubernetes/replicaset.go:55.22,58.11 3 0
statusbay/watcher/kubernetes/replicaset.go:63.16,66.3 2 0
statusbay/watcher/kubernetes/replicaset.go:70.62,72.12 1 1
statusbay/watcher/kubernetes/replicaset.go:72.12,90.17 5 1
statusbay/watcher/kubernetes/replicaset.go:99.3,99.7 1 1
statusbay/watcher/kubernetes/replicaset.go:90.17,97.4 2 0
statusbay/watcher/kubernetes/replicaset.go:99.7,100.11 1 1
statusbay/watcher/kubernetes/replicaset.go:101.48,102.15 1 1
statusbay/watcher/kubernetes/replicaset.go:112.5,113.12 2 1
statusbay/watcher/kubernetes/replicaset.go:118.5,118.55 1 1
statusbay/watcher/kubernetes/replicaset.go:155.5,155.89 1 1
statusbay/watcher/kubernetes/replicaset.go:157.34,163.11 3 0
statusbay/watcher/kubernetes/replicaset.go:102.15,110.6 2 0
statusbay/watcher/kubernetes/replicaset.go:113.12,115.14 2 0
statusbay/watcher/kubernetes/replicaset.go:118.55,122.90 3 1
statusbay/watcher/kubernetes/replicaset.go:145.6,151.122 2 1
statusbay/watcher/kubernetes/replicaset.go:122.90,135.7 2 1
statusbay/watcher/kubernetes/replicaset.go:135.12,142.15 2 1
statusbay/watcher/kubernetes/replicaset.go:171.165,185.12 4 1
statusbay/watcher/kubernetes/replicaset.go:185.12,187.7 1 1
statusbay/watcher/kubernetes/replicaset.go:187.7,188.11 1 1
statusbay/watcher/kubernetes/replicaset.go:189.30,190.69 1 1
statusbay/watcher/kubernetes/replicaset.go:191.22,197.11 2 0
